☻
☻
☻
☻
☻
☻
☻
☻
☻
☻

OBX|18|NM|787-2^MCV^LN||84.4|fL|110-160|A|||F0|A|||F8|||||||||||||||||HM||||||||1
∟BX|29|NM|10014^PLCR^99MRC||20.2|%|11.0-45.0|A|||F|F

OBX|18|NM|787-2^MCV^LN||87.7|fL|800-160|A|||F0|A|||F9|||||||||||||||||HM||||||||1
∟BX|29|NM|10014^PLCR^99MRC||24.9|%|11.0-45.0|A|||F|F

OBX|18|NM|787-2^MCV^LN||91.4|fL|110-160|N|||F0|N|||F3|||||||||||||||||HM||||||||1
∟BX|29|NM|10014^PLCR^99MRC||22.0|%|11.0-45.0|N|||F|||F

OBX|18|NM|787-2^MCV^LN||59.|g/L|110-160|N|||F0|H~N|||FF|||||||||||||||HM||||||||1
∟BX|31|IS|15199-3^Microcytes^LN||T||||||F^99MRC||T||||||F

∟BX|5|NM|777-3^PLT^LN||2|10*9/L||N|||F|||FMRC|||20240624140602|||||||||||||||||HM
☻
☻
☻
☻
☻
☻
☻
☻
☻
☻
☻
☻
☻
☻
☻

OBX|18|NM|787-2^MCV^LN||84.4|fL|110-160|A|||F0|A|||F8|||||||||||||||||HM||||||||1
☻BX|29|NM|10014^PLCR^99MRC||20.2|%|11.0-45.0|A|||F|F

OBX|18|NM|787-2^MCV^LN||87.7|fL|800-160|A|||F0|A|||F9|||||||||||||||||HM||||||||1
∟BX|29|NM|10014^PLCR^99MRC||24.9|%|11.0-45.0|A|||F|F

OBX|18|NM|787-2^MCV^LN||91.4|/L|110-160|N|||F0|N|||F3|||||||||||||||||HM||||||||1
∟BX|29|NM|10014^PLCR^99MRC||22.0|%|11.0-45.0|N|||F|||F

OBX|18|NM|787-2^MCV^LN||594|g/L|110-160|N|||F0|H~N|||FF|||||||||||||||HM||||||||1
∟BX|31|IS|15199-3^Microcytes^LN||T||||||F^99MRC||T||||||F

∟BX|5|NM|777-3^PLT^LN||2|10*9/L||N|||F|||FMRC|||20240624140602|||||||||||||||||HM
☻
☻
☻
☻
☻
☻
☻
☻
☻

OBX|18|NM|787-2^MCV^LN||91.1|/L|110-160|A|||F0|A|||F7|||||||||||||||||HM||||||||1
☻BX|29|NM|10014^PLCR^99MRC||19.4|%|11.0-45.0|A|||F|||F

OBX|18|NM|787-2^MCV^LN||84.4|fL|110-160|A|||F0|A|||F8|||||||||||||||||HM||||||||1
∟BX|29|NM|10014^PLCR^99MRC||20.2|%|11.0-45.0|A|||F|F

OBX|18|NM|787-2^MCV^LN||87.7|fL|810-160|A|||F0|A|||F9|||||||||||||||||HM||||||||1
∟BX|29|NM|10014^PLCR^99MRC||24.9|%|11.0-45.0|A|||F|F

OBX|18|NM|787-2^MCV^LN||91.4|/L|110-160|N|||F0|N|||F3|||||||||||||||||HM||||||||1
∟BX|29|NM|10014^PLCR^99MRC||22.0|%|11.0-45.0|N|||F|||F

OBX|18|NM|787-2^MCV^LN||594|g/L|110-160|N|||F0|H~N|||FF|||||||||||||||HM||||||||1
∟BX|31|IS|15199-3^Microcytes^LN||T||||||F^99MRC||T||||||F

∟BX|5|NM|777-3^PLT^LN||2|10*9/L||N|||F|||FMRC|||20240624140602|||||||||||||||||HM
☻
☻
☻
☻
☻
☻
☻
☻
☻
☻
☻
☻
☻
☻

OBX|18|NM|787-2^MCV^LN||84.4|fL|110-160|A|||F0|A|||F8|||||||||||||||||HM||||||||1
∟BX|29|NM|10014^PLCR^99MRC||20.2|%|11.0-45.0|A|||F|F
☻
☻
☻
☻

OBX|18|NM|787-2^MCV^LN||84.4|fL|110-160|A|||F0|A|||F8|||||||||||||||||HM||||||||1
∟BX|29|NM|10014^PLCR^99MRC||20.2|%|11.0-45.0|A|||F|F

OBX|18|NM|787-2^MCV^LN||87.7|fL|810-160|A|||F0|A|||F9|||||||||||||||||HM||||||||1
∟BX|29|NM|10014^PLCR^99MRC||24.9|%|11.0-45.0|A|||F|F
☻
☻
☻
☻
☻
☻
☻
☻
☻
☻
☻
exit status 0xc000013a
PS C:\Users\User\Desktop\test> go run .\main.go --type client
[☻]
[☻]
[☻]
[☻]
[☻]
[☻]
[☻]
[☻]
[☻]
[☻]
[☻]
[☻]
exit status 0xc000013a
PS C:\Users\User\Desktop\test> go run .\main.go --type client
☻ [☻]
☻ [☻]
☻ [☻]
☻ [☻]
exit status 0xc000013a
PS C:\Users\User\Desktop\test> go run .\main.go --type client
[2] [☻]
[2] [☻]
[2] [☻]
[2] [☻]
[2] [☻]
[2] [☻]
[11 77 83 72 124 94 126 92 38 124 124 124 124 124 50 48 50 52 48 54 50 53 49 48 49 56 48 50 124 124 79 82 85 94 82 48 49 124 50 50 124 80 124 50 46 51 46 49 124 124 124 124 124 124 85 78 73 67 79 68 69 13 80 73 68 124 49 124 124 94 94 94 94 77 82 13 80 86 49 124 49 13 79 66 82 124 49 124 124 52 124 48 48 48 48 49 94 65 117 116 111 109 97 116 101 100 32 67 111 117 110 116 94 57 57 77 82 67 124 124 124 50 48 50 52 48 53 50 57 49 51 51 51 50 56 124 124 124 124 124 124 124 124 124 124 124 124 124 124 124 124 124 72 77 124 124 124 124 124 124 124 124 49 13 79 66 88 124 49 124 73 83 124 48 56 48 48 49 94 84 97 107 101 32 77 111 100 101 94 57 57 77 82 67 124 124 79 124 124 124 124 124 124 70 13 79 66 88 124 50 124 73 83 124 48 56 48 48 50 94 66 108 111 111 100 32 77 111 100 101 94 57 57 77 82 67 124 124 87 124 124 124 124 124 124 70 13 79 66 88 124 51 124 73 83 124 48 56 48 48 51 94 84 101 115 116 32 77 111 100 101 94 57 57 77 82 67 124 124 67 66 67 43 68 73 70 70 124 124 124 124 124 124 70 13 79 66 88 124 52 124 73 83 124 48 49 48 48 50 94 82 101 102 32 71 114 111 117 112 94 57 57 77 82 67 124 124 208 158 208 177 209 137 208 176 209 143 124 124 124 124 124 124 70 13 79 66 88 124 53 124 78 77 124 54 54 57 48 45 50 94 87 66 67 94 76 78 124 124 54 46 50 55 124 49 48 42 57 47 76 124 52 46 48 48 45 49 48 46 48 48 124 65 124 124 124 70 13 79 66 88 124 54 124 78 77 124 55 48 52 45 55 94 66 65 83 35 94 76 78 124 124 48 46 48 50 124 49 48 42 57 47 76 124 48 46 48 48 45 48 46 49 48 124 65 124 124 124 70 13 79 66 88 124 55 124 78 77 124 55 48 54 45 50 94 66 65 83 37 94 76 78 124 124 48 46 51 124 37 124 48 46 48 45 49 46 48 124 65 124 124 124 70 13 79 66 88 124 56 124 78 77 124 55 53 49 45 56 94 78 69 85 35 94 76 78 124 124 51 46 57 52 124 49 48 42 57 47 76 124 50 46 48 48 45 55 46 48 48 124 65 124 124 124 70 13 79 66 88 124 57 124 78 77 124 55 55 48 45 56 94 78 69 85 37 94 76 78 124 124 54 50 46 56 124 37 124 53 48 46 48 45 55 48 46 48 124 65 124 124 124 70 13 79 66 88 124 49 48 124 78 77 124 55 49 49 45 50 94 69 79 83 35 94 76 78 124 124 48 46 51 57 124 49 48 42 57 47 76 124 48 46 48 50 45 48 46 53 48 124 65 124 124 124 70 13 79 66 88 124 49 49 124 78 77 124 55 49 51 45 56 94 69 79 83 37 94 76 78 124 124 54 46 49 124 37 124 48 46 53 45 53 46 48 124 72 126 65 124 124 124 70 13 79 66 88 124 49 50 124 78 77 124 55 51 49 45 48 94 76 89 77 35 94 76 78 124 124 49 46 54 49 124 49 48 42 57 47 76 124 48 46 56 48 45 52 46 48 48 124 65 124 124 124 70 13 79 66 88 124 49 51 124 78 77 124 55 51 54 45 57 94 76 89 77 37 94 76 78 124 124 50 53 46 55 124 37 124 50 48 46 48 45 52 48 46 48 124 65 124 124 124 70 13 79 66 88 124 49 52 124 78 77 124 55 52 50 45 55 94 77 79 78 35 94 76 78 124 124 48 46 51 49 124 49 48 42 57 47 76 124 48 46 49 50 45 49 46 50 48 124 65 124 124 124 70 13 79 66 88 124 49 53 124 78 77 124 53 57 48 53 45 53 94 77 79 78 37 94 76 78 124 124 53 46 49 124 37 124 51 46 48 45 49 50 46 48 124 65 124 124 124 70 13 79 66 88 124 49 54 124 78 77 124 55 56 57 45 56 94 82 66 67 94 76 78 124 124 52 46 51 53 124 49 48 42 49 50 47 76 124 51 46 53 48 45 53 46 53 48 124 65 124 124 124 70 13 79 66 88 124 49 55 124 78 77 124 55 49 56 45 55 94 72 71 66 94 76 78 124 124 49 50 53 124 103 47 76 124 49 49 48 45 49 54 48 124 65 124 124 124 70 13 79 66 88 124 49 56 124 78 77 124 55 56 55 45 50 94 77 67 86 94 76 78 124 124 56 52 46 52 124 102 76 124 56 48 46 48 45 49 48 48 46 48 124 65 124 124 124 70 13 79 66 88 124 49 57 124 78 77 124 55 56 53 45 54 94 77 67 72 94 76 78 124 124 50 56 46 54 124 112 103 124 50 55 46 48 45 51 52 46 48 124 65 124 124 124 70 13 79 66 88 124 50 48 124 78 77 124 55 56 54 45 52 94 77 67 72 67 94 76 78 124 124 51 51 57 124 103 47 76 124 51 50 48 45 51 54 48 124 65 124 124 124 70 13 79 66 88 124 50 49 124 78 77 124 55 56 56 45 48 94 82 68 87 45 67 86 94 76 78 124 124 49 50 46 53 124 37 124 49 49 46 48 45 49 54 46 48 124 65 124 124 124 70 13 79 66 88 124 50 50 124 78 77 124 50 49 48 48 48 45 53 94 82 68 87 45 83 68 94 76 78 124 124 52 49 46 55 124 102 76 124 51 53 46 48 45 53 54 46 48 124 65 124 124 124 70 13 79 66 88 124 50 51 124 78 77 124 52 53 52 52 45 51 94 72 67 84 94 76 78 124 124 51 54 46 56 124 37 124 51 55 46 48 45 53 52 46 48 124 76 126 65 124 124 124 70 13 79 66 88 124 50 52 124 78 77 124 55 55 55 45 51 94 80 76 84 94 76 78 124 124 50 53 57 124 49 48 42 57 47 76 124 49 48 48 45 51 48 48 124 65 124 124 124 70 13 79 66 88 124 50 53 124 78 77 124 51 50 54 50 51 45 49 94 77 80 86 94 76 78 124 124 57 46 48 124 102 76 124 55 46 48 45 49 49 46 48 124 65 124 124 124 70 13 79 66 88 124 50 54 124 78 77 124 51 50 50 48 55 45 51 94 80 68 87 94 76 78 124 124 49 53 46 57 124 124 57 46 48 45 49 55 46 48 124 65 124 124 124 70 13 79 66 88 124 50 55 124 78 77 124 49 48 48 48 50 94 80 67 84 94 57 57 77 82 67 124 124 48 46 50 51 52 124 37 124 48 46 49 48 56 45 48 46 50 56 50 124 65 124 124 124 70 13 79 66 88 124 50 56 124 78 77 124 49 48 48 49 51 94 80 76 67 67 94 57 57 77 82 67 124 124 53 50 124 49 48 42 57 47 76 124 51 48 45 57 48 124 65 124 124 124 70 13 79 66 88 124 50 57 124 78 77 124 49 48 48 49 52 94 80 76 67 82 94 57 57 77 82 67 124 124 50 48 46 50 124 37 124 49 49 46 48 45 52 53 46 48 124 65 124 124 124 70 13 28 13] [
]BX|29|NM|10014^PLCR^99MRC||20.2|%|11.0-45.0|A|||F|F8|||||||||||||||||HM||||||||1
[11 77 83 72 124 94 126 92 38 124 124 124 124 124 50 48 50 52 48 54 50 53 49 48 49 56 48 50 124 124 79 82 85 94 82 48 49 124 50 51 124 80 124 50 46 51 46 49 124 124 124 124 124 124 85 78 73 67 79 68 69 13 80 73 68 124 49 124 124 94 94 94 94 77 82 13 80 86 49 124 49 13 79 66 82 124 49 124 124 53 124 48 48 48 48 49 94 65 117 116 111 109 97 116 101 100 32 67 111 117 110 116 94 57 57 77 82 67 124 124 124 50 48 50 52 48 53 50 57 49 51 52 51 49 57 124 124 124 124 124 124 124 124 124 124 124 124 124 124 124 124 124 72 77 124 124 124 124 124 124 124 124 49 13 79 66 88 124 49 124 73 83 124 48 56 48 48 49 94 84 97 107 101 32 77 111 100 101 94 57 57 77 82 67 124 124 79 124 124 124 124 124 124 70 13 79 66 88 124 50 124 73 83 124 48 56 48 48 50 94 66 108 111 111 100 32 77 111 100 101 94 57 57 77 82 67 124 124 87 124 124 124 124 124 124 70 13 79 66 88 124 51 124 73 83 124 48 56 48 48 51 94 84 101 115 116 32 77 111 100 101 94 57 57 77 82 67 124 124 67 66 67 43 68 73 70 70 124 124 124 124 124 124 70 13 79 66 88 124 52 124 73 83 124 48 49 48 48 50 94 82 101 102 32 71 114 111 117 112 94 57 57 77 82 67 124 124 208 158 208 177 209 137 208 176 209 143 124 124 124 124 124 124 70 13 79 66 88 124 53 124 78 77 124 54 54 57 48 45 50 94 87 66 67 94 76 78 124 124 54 46 50 53 124 49 48 42 57 47 76 124 52 46 48 48 45 49 48 46 48 48 124 65 124 124 124 70 13 79 66 88 124 54 124 78 77 124 55 48 52 45 55 94 66 65 83 35 94 76 78 124 124 48 46 48 50 124 49 48 42 57 47 76 124 48 46 48 48 45 48 46 49 48 124 65 124 124 124 70 13 79 66 88 124 55 124 78 77 124 55 48 54 45 50 94 66 65 83 37 94 76 78 124 124 48 46 51 124 37 124 48 46 48 45 49 46 48 124 65 124 124 124 70 13 79 66 88 124 56 124 78 77 124 55 53 49 45 56 94 78 69 85 35 94 76 78 124 124 51 46 54 54 124 49 48 42 57 47 76 124 50 46 48 48 45 55 46 48 48 124 65 124 124 124 70 13 79 66 88 124 57 124 78 77 124 55 55 48 45 56 94 78 69 85 37 94 76 78 124 124 53 56 46 54 124 37 124 53 48 46 48 45 55 48 46 48 124 65 124 124 124 70 13 79 66 88 124 49 48 124 78 77 124 55 49 49 45 50 94 69 79 83 35 94 76 78 124 124 48 46 48 54 124 49 48 42 57 47 76 124 48 46 48 50 45 48 46 53 48 124 65 124 124 124 70 13 79 66 88 124 49 49 124 78 77 124 55 49 51 45 56 94 69 79 83 37 94 76 78 124 124 49 46 48 124 37 124 48 46 53 45 53 46 48 124 65 124 124 124 70 13 79 66 88 124 49 50 124 78 77 124 55 51 49 45 48 94 76 89 77 35 94 76 78 124 124 50 46 49 50 124 49 48 42 57 47 76 124 48 46 56 48 45 52 46 48 48 124 65 124 124 124 70 13 79 66 88 124 49 51 124 78 77 124 55 51 54 45 57 94 76 89 77 37 94 76 78 124 124 51 51 46 57 124 37 124 50 48 46 48 45 52 48 46 48 124 65 124 124 124 70 13 79 66 88 124 49 52 124 78 77 124 55 52 50 45 55 94 77 79 78 35 94 76 78 124 124 48 46 51 57 124 49 48 42 57 47 76 124 48 46 49 50 45 49 46 50 48 124 65 124 124 124 70 13 79 66 88 124 49 53 124 78 77 124 53 57 48 53 45 53 94 77 79 78 37 94 76 78 124 124 54 46 50 124 37 124 51 46 48 45 49 50 46 48 124 65 124 124 124 70 13 79 66 88 124 49 54 124 78 77 124 55 56 57 45 56 94 82 66 67 94 76 78 124 124 53 46 48 49 124 49 48 42 49 50 47 76 124 51 46 53 48 45 53 46 53 48 124 65 124 124 124 70 13 79 66 88 124 49 55 124 78 77 124 55 49 56 45 55 94 72 71 66 94 76 78 124 124 49 52 54 124 103 47 76 124 49 49 48 45 49 54 48 124 65 124 124 124 70 13 79 66 88 124 49 56 124 78 77 124 55 56 55 45 50 94 77 67 86 94 76 78 124 124 56 55 46 55 124 102 76 124 56 48 46 48 45 49 48 48 46 48 124 65 124 124 124 70 13 79 66 88 124 49 57 124 78 77 124 55 56 53 45 54 94 77 67 72 94 76 78 124 124 50 57 46 49 124 112 103 124 50 55 46 48 45 51 52 46 48 124 65 124 124 124 70 13 79 66 88 124 50 48 124 78 77 124 55 56 54 45 52 94 77 67 72 67 94 76 78 124 124 51 51 50 124 103 47 76 124 51 50 48 45 51 54 48 124 65 124 124 124 70 13 79 66 88 124 50 49 124 78 77 124 55 56 56 45 48 94 82 68 87 45 67 86 94 76 78 124 124 49 50 46 55 124 37 124 49 49 46 48 45 49 54 46 48 124 65 124 124 124 70 13 79 66 88 124 50 50 124 78 77 124 50 49 48 48 48 45 53 94 82 68 87 45 83 68 94 76 78 124 124 52 51 46 57 124 102 76 124 51 53 46 48 45 53 54 46 48 124 65 124 124 124 70 13 79 66 88 124 50 51 124 78 77 124 52 53 52 52 45 51 94 72 67 84 94 76 78 124 124 52 51 46 57 124 37 124 51 55 46 48 45 53 52 46 48 124 65 124 124 124 70 13 79 66 88 124 50 52 124 78 77 124 55 55 55 45 51 94 80 76 84 94 76 78 124 124 50 53 57 124 49 48 42 57 47 76 124 49 48 48 45 51 48 48 124 65 124 124 124 70 13 79 66 88 124 50 53 124 78 77 124 51 50 54 50 51 45 49 94 77 80 86 94 76 78 124 124 57 46 55 124 102 76 124 55 46 48 45 49 49 46 48 124 65 124 124 124 70 13 79 66 88 124 50 54 124 78 77 124 51 50 50 48 55 45 51 94 80 68 87 94 76 78 124 124 49 54 46 50 124 124 57 46 48 45 49 55 46 48 124 65 124 124 124 70 13 79 66 88 124 50 55 124 78 77 124 49 48 48 48 50 94 80 67 84 94 57 57 77 82 67 124 124 48 46 50 53 49 124 37 124 48 46 49 48 56 45 48 46 50 56 50 124 65 124 124 124 70 13 79 66 88 124 50 56 124 78 77 124 49 48 48 49 51 94 80 76 67 67 94 57 57 77 82 67 124 124 54 52 124 49 48 42 57 47 76 124 51 48 45 57 48 124 65 124 124 124 70 13 79 66 88 124 50 57 124 78 77 124 49 48 48 49 52 94 80 76 67 82 94 57 57 77 82 67 124 124 50 52 46 57 124 37 124 49 49 46 48 45 52 53 46 48 124 65 124 124 124 70 13 28 13] [
]BX|29|NM|10014^PLCR^99MRC||24.9|%|11.0-45.0|A|||F|F9|||||||||||||||||HM||||||||1
[2] [☻]
[2] [☻]
[2] [☻]
[2] [☻]
[2] [☻]
[2] [☻]
[2] [☻]
[2] [☻]
[2] [☻]
[2] [☻]
[2] [☻]
[2] [☻]
[2] [☻]
[2] [☻]
[2] [☻]
[2] [☻]
[2] [☻]
[2] [☻]
[2] [☻]
[2] [☻]
[2] [☻]
[2] [☻]
[2] [☻]
[2] [☻]
exit status 0xc000013a
PS C:\Users\User\Desktop\test> go run .\main.go --type client
[11 77 83 72 124 94 126 92 38 124 124 124 124 124 50 48 50 52 48 54 50 53 49 48 49 57 51 54 124 124 79 82 85 94 82 48 49 124 50 52 124 80 124 50 46 51 46 49 124 124 124 124 124 124 85 78 73 67 79 68 69 13 80 73 68 124 49 124 124 94 94 94 94 77 82 13 80 86 49 124 49 13 79 66 82 124 49 124 124 52 124 48 48 48 48 49 94 65 117 116 111 109 97 116 101 100 32 67 111 117 110 116 94 57 57 77 82 67 124 124 124 50 48 50 52 48 53 50 57 49 51 51 51 50 56 124 124 124 124 124 124 124 124 124 124 124 124 124 124 124 124 124 72 77 124 124 124 124 124 124 124 124 49 13 79 66 88 124 49 124 73 83 124 48 56 48 48 49 94 84 97 107 101 32 77 111 100 101 94 57 57 77 82 67 124 124 79 124 124 124 124 124 124 70 13 79 66 88 124 50 124 73 83 124 48 56 48 48 50 94 66 108 111 111 100 32 77 111 100 101 94 57 57 77 82 67 124 124 87 124 124 124 124 124 124 70 13 79 66 88 124 51 124 73 83 124 48 56 48 48 51 94 84 101 115 116 32 77 111 100 101 94 57 57 77 82 67 124 124 67 66 67 43 68 73 70 70 124 124 124 124 124 124 70 13 79 66 88 124 52 124 73 83 124 48 49 48 48 50 94 82 101 102 32 71 114 111 117 112 94 57 57 77 82 67 124 124 208 158 208 177 209 137 208 176 209 143 124 124 124 124 124 124 70 13 79 66 88 124 53 124 78 77 124 54 54 57 48 45 50 94 87 66 67 94 76 78 124 124 54 46 50 55 124 49 48 42 57 47 76 124 52 46 48 48 45 49 48 46 48 48 124 65 124 124 124 70 13 79 66 88 124 54 124 78 77 124 55 48 52 45 55 94 66 65 83 35 94 76 78 124 124 48 46 48 50 124 49 48 42 57 47 76 124 48 46 48 48 45 48 46 49 48 124 65 124 124 124 70 13 79 66 88 124 55 124 78 77 124 55 48 54 45 50 94 66 65 83 37 94 76 78 124 124 48 46 51 124 37 124 48 46 48 45 49 46 48 124 65 124 124 124 70 13 79 66 88 124 56 124 78 77 124 55 53 49 45 56 94 78 69 85 35 94 76 78 124 124 51 46 57 52 124 49 48 42 57 47 76 124 50 46 48 48 45 55 46 48 48 124 65 124 124 124 70 13 79 66 88 124 57 124 78 77 124 55 55 48 45 56 94 78 69 85 37 94 76 78 124 124 54 50 46 56 124 37 124 53 48 46 48 45 55 48 46 48 124 65 124 124 124 70 13 79 66 88 124 49 48 124 78 77 124 55 49 49 45 50 94 69 79 83 35 94 76 78 124 124 48 46 51 57 124 49 48 42 57 47 76 124 48 46 48 50 45 48 46 53 48 124 65 124 124 124 70 13 79 66 88 124 49 49 124 78 77 124 55 49 51 45 56 94 69 79 83 37 94 76 78 124 124 54 46 49 124 37 124 48 46 53 45 53 46 48 124 72 126 65 124 124 124 70 13 79 66 88 124 49 50 124 78 77 124 55 51 49 45 48 94 76 89 77 35 94 76 78 124 124 49 46 54 49 124 49 48 42 57 47 76 124 48 46 56 48 45 52 46 48 48 124 65 124 124 124 70 13 79 66 88 124 49 51 124 78 77 124 55 51 54 45 57 94 76 89 77 37 94 76 78 124 124 50 53 46 55 124 37 124 50 48 46 48 45 52 48 46 48 124 65 124 124 124 70 13 79 66 88 124 49 52 124 78 77 124 55 52 50 45 55 94 77 79 78 35 94 76 78 124 124 48 46 51 49 124 49 48 42 57 47 76 124 48 46 49 50 45 49 46 50 48 124 65 124 124 124 70 13 79 66 88 124 49 53 124 78 77 124 53 57 48 53 45 53 94 77 79 78 37 94 76 78 124 124 53 46 49 124 37 124 51 46 48 45 49 50 46 48 124 65 124 124 124 70 13 79 66 88 124 49 54 124 78 77 124 55 56 57 45 56 94 82 66 67 94 76 78 124 124 52 46 51 53 124 49 48 42 49 50 47 76 124 51 46 53 48 45 53 46 53 48 124 65 124 124 124 70 13 79 66 88 124 49 55 124 78 77 124 55 49 56 45 55 94 72 71 66 94 76 78 124 124 49 50 53 124 103 47 76 124 49 49 48 45 49 54 48 124 65 124 124 124 70 13 79 66 88 124 49 56 124 78 77 124 55 56 55 45 50 94 77 67 86 94 76 78 124 124 56 52 46 52 124 102 76 124 56 48 46 48 45 49 48 48 46 48 124 65 124 124 124 70 13 79 66 88 124 49 57 124 78 77 124 55 56 53 45 54 94 77 67 72 94 76 78 124 124 50 56 46 54 124 112 103 124 50 55 46 48 45 51 52 46 48 124 65 124 124 124 70 13 79 66 88 124 50 48 124 78 77 124 55 56 54 45 52 94 77 67 72 67 94 76 78 124 124 51 51 57 124 103 47 76 124 51 50 48 45 51 54 48 124 65 124 124 124 70 13 79 66 88 124 50 49 124 78 77 124 55 56 56 45 48 94 82 68 87 45 67 86 94 76 78 124 124 49 50 46 53 124 37 124 49 49 46 48 45 49 54 46 48 124 65 124 124 124 70 13 79 66 88 124 50 50 124 78 77 124 50 49 48 48 48 45 53 94 82 68 87 45 83 68 94 76 78 124 124 52 49 46 55 124 102 76 124 51 53 46 48 45 53 54 46 48 124 65 124 124 124 70 13 79 66 88 124 50 51 124 78 77 124 52 53 52 52 45 51 94 72 67 84 94 76 78 124 124 51 54 46 56 124 37 124 51 55 46 48 45 53 52 46 48 124 76 126 65 124 124 124 70 13 79 66 88 124 50 52 124 78 77 124 55 55 55 45 51 94 80 76 84 94 76 78 124 124 50 53 57 124 49 48 42 57 47 76 124 49 48 48 45 51 48 48 124 65 124 124 124 70 13 79 66 88 124 50 53 124 78 77 124 51 50 54 50 51 45 49 94 77 80 86 94 76 78 124 124 57 46 48 124 102 76 124 55 46 48 45 49 49 46 48 124 65 124 124 124 70 13 79 66 88 124 50 54 124 78 77 124 51 50 50 48 55 45 51 94 80 68 87 94 76 78 124 124 49 53 46 57 124 124 57 46 48 45 49 55 46 48 124 65 124 124 124 70 13 79 66 88 124 50 55 124 78 77 124 49 48 48 48 50 94 80 67 84 94 57 57 77 82 67 124 124 48 46 50 51 52 124 37 124 48 46 49 48 56 45 48 46 50 56 50 124 65 124 124 124 70 13 79 66 88 124 50 56 124 78 77 124 49 48 48 49 51 94 80 76 67 67 94 57 57 77 82 67 124 124 53 50 124 49 48 42 57 47 76 124 51 48 45 57 48 124 65 124 124 124 70 13 79 66 88 124 50 57 124 78 77 124 49 48 48 49 52 94 80 76 67 82 94 57 57 77 82 67 124 124 50 48 46 50 124 37 124 49 49 46 48 45 52 53 46 48 124 65 124 124 124 70 13 28 13] [
]BX|29|NM|10014^PLCR^99MRC||20.2|%|11.0-45.0|A|||F|F8|||||||||||||||||HM||||||||1
[11 77 83 72 124 94 126 92 38 124 124 124 124 124 50 48 50 52 48 54 50 53 49 48 49 57 51 54 124 124 79 82 85 94 82 48 49 124 50 53 124 80 124 50 46 51 46 49 124 124 124 124 124 124 85 78 73 67 79 68 69 13 80 73 68 124 49 124 124 94 94 94 94 77 82 13 80 86 49 124 49 13 79 66 82 124 49 124 124 53 124 48 48 48 48 49 94 65 117 116 111 109 97 116 101 100 32 67 111 117 110 116 94 57 57 77 82 67 124 124 124 50 48 50 52 48 53 50 57 49 51 52 51 49 57 124 124 124 124 124 124 124 124 124 124 124 124 124 124 124 124 124 72 77 124 124 124 124 124 124 124 124 49 13 79 66 88 124 49 124 73 83 124 48 56 48 48 49 94 84 97 107 101 32 77 111 100 101 94 57 57 77 82 67 124 124 79 124 124 124 124 124 124 70 13 79 66 88 124 50 124 73 83 124 48 56 48 48 50 94 66 108 111 111 100 32 77 111 100 101 94 57 57 77 82 67 124 124 87 124 124 124 124 124 124 70 13 79 66 88 124 51 124 73 83 124 48 56 48 48 51 94 84 101 115 116 32 77 111 100 101 94 57 57 77 82 67 124 124 67 66 67 43 68 73 70 70 124 124 124 124 124 124 70 13 79 66 88 124 52 124 73 83 124 48 49 48 48 50 94 82 101 102 32 71 114 111 117 112 94 57 57 77 82 67 124 124 208 158 208 177 209 137 208 176 209 143 124 124 124 124 124 124 70 13 79 66 88 124 53 124 78 77 124 54 54 57 48 45 50 94 87 66 67 94 76 78 124 124 54 46 50 53 124 49 48 42 57 47 76 124 52 46 48 48 45 49 48 46 48 48 124 65 124 124 124 70 13 79 66 88 124 54 124 78 77 124 55 48 52 45 55 94 66 65 83 35 94 76 78 124 124 48 46 48 50 124 49 48 42 57 47 76 124 48 46 48 48 45 48 46 49 48 124 65 124 124 124 70 13 79 66 88 124 55 124 78 77 124 55 48 54 45 50 94 66 65 83 37 94 76 78 124 124 48 46 51 124 37 124 48 46 48 45 49 46 48 124 65 124 124 124 70 13 79 66 88 124 56 124 78 77 124 55 53 49 45 56 94 78 69 85 35 94 76 78 124 124 51 46 54 54 124 49 48 42 57 47 76 124 50 46 48 48 45 55 46 48 48 124 65 124 124 124 70 13 79 66 88 124 57 124 78 77 124 55 55 48 45 56 94 78 69 85 37 94 76 78 124 124 53 56 46 54 124 37 124 53 48 46 48 45 55 48 46 48 124 65 124 124 124 70 13 79 66 88 124 49 48 124 78 77 124 55 49 49 45 50 94 69 79 83 35 94 76 78 124 124 48 46 48 54 124 49 48 42 57 47 76 124 48 46 48 50 45 48 46 53 48 124 65 124 124 124 70 13 79 66 88 124 49 49 124 78 77 124 55 49 51 45 56 94 69 79 83 37 94 76 78 124 124 49 46 48 124 37 124 48 46 53 45 53 46 48 124 65 124 124 124 70 13 79 66 88 124 49 50 124 78 77 124 55 51 49 45 48 94 76 89 77 35 94 76 78 124 124 50 46 49 50 124 49 48 42 57 47 76 124 48 46 56 48 45 52 46 48 48 124 65 124 124 124 70 13 79 66 88 124 49 51 124 78 77 124 55 51 54 45 57 94 76 89 77 37 94 76 78 124 124 51 51 46 57 124 37 124 50 48 46 48 45 52 48 46 48 124 65 124 124 124 70 13 79 66 88 124 49 52 124 78 77 124 55 52 50 45 55 94 77 79 78 35 94 76 78 124 124 48 46 51 57 124 49 48 42 57 47 76 124 48 46 49 50 45 49 46 50 48 124 65 124 124 124 70 13 79 66 88 124 49 53 124 78 77 124 53 57 48 53 45 53 94 77 79 78 37 94 76 78 124 124 54 46 50 124 37 124 51 46 48 45 49 50 46 48 124 65 124 124 124 70 13 79 66 88 124 49 54 124 78 77 124 55 56 57 45 56 94 82 66 67 94 76 78 124 124 53 46 48 49 124 49 48 42 49 50 47 76 124 51 46 53 48 45 53 46 53 48 124 65 124 124 124 70 13 79 66 88 124 49 55 124 78 77 124 55 49 56 45 55 94 72 71 66 94 76 78 124 124 49 52 54 124 103 47 76 124 49 49 48 45 49 54 48 124 65 124 124 124 70 13 79 66 88 124 49 56 124 78 77 124 55 56 55 45 50 94 77 67 86 94 76 78 124 124 56 55 46 55 124 102 76 124 56 48 46 48 45 49 48 48 46 48 124 65 124 124 124 70 13 79 66 88 124 49 57 124 78 77 124 55 56 53 45 54 94 77 67 72 94 76 78 124 124 50 57 46 49 124 112 103 124 50 55 46 48 45 51 52 46 48 124 65 124 124 124 70 13 79 66 88 124 50 48 124 78 77 124 55 56 54 45 52 94 77 67 72 67 94 76 78 124 124 51 51 50 124 103 47 76 124 51 50 48 45 51 54 48 124 65 124 124 124 70 13 79 66 88 124 50 49 124 78 77 124 55 56 56 45 48 94 82 68 87 45 67 86 94 76 78 124 124 49 50 46 55 124 37 124 49 49 46 48 45 49 54 46 48 124 65 124 124 124 70 13 79 66 88 124 50 50 124 78 77 124 50 49 48 48 48 45 53 94 82 68 87 45 83 68 94 76 78 124 124 52 51 46 57 124 102 76 124 51 53 46 48 45 53 54 46 48 124 65 124 124 124 70 13 79 66 88 124 50 51 124 78 77 124 52 53 52 52 45 51 94 72 67 84 94 76 78 124 124 52 51 46 57 124 37 124 51 55 46 48 45 53 52 46 48 124 65 124 124 124 70 13 79 66 88 124 50 52 124 78 77 124 55 55 55 45 51 94 80 76 84 94 76 78 124 124 50 53 57 124 49 48 42 57 47 76 124 49 48 48 45 51 48 48 124 65 124 124 124 70 13 79 66 88 124 50 53 124 78 77 124 51 50 54 50 51 45 49 94 77 80 86 94 76 78 124 124 57 46 55 124 102 76 124 55 46 48 45 49 49 46 48 124 65 124 124 124 70 13 79 66 88 124 50 54 124 78 77 124 51 50 50 48 55 45 51 94 80 68 87 94 76 78 124 124 49 54 46 50 124 124 57 46 48 45 49 55 46 48 124 65 124 124 124 70 13 79 66 88 124 50 55 124 78 77 124 49 48 48 48 50 94 80 67 84 94 57 57 77 82 67 124 124 48 46 50 53 49 124 37 124 48 46 49 48 56 45 48 46 50 56 50 124 65 124 124 124 70 13 79 66 88 124 50 56 124 78 77 124 49 48 48 49 51 94 80 76 67 67 94 57 57 77 82 67 124 124 54 52 124 49 48 42 57 47 76 124 51 48 45 57 48 124 65 124 124 124 70 13 79 66 88 124 50 57 124 78 77 124 49 48 48 49 52 94 80 76 67 82 94 57 57 77 82 67 124 124 50 52 46 57 124 37 124 49 49 46 48 45 52 53 46 48 124 65 124 124 124 70 13 28 13] [
]BX|29|NM|10014^PLCR^99MRC||24.9|%|11.0-45.0|A|||F|F9|||||||||||||||||HM||||||||1
exit status 0xc000013a
PS C:\Users\User\Desktop\test> go run .\main.go --type client
-> [
]BX|29|NM|10014^PLCR^99MRC||20.2|%|11.0-45.0|A|||F|F8|||||||||||||||||HM||||||||1
-> [
]BX|29|NM|10014^PLCR^99MRC||24.9|%|11.0-45.0|A|||F|F9|||||||||||||||||HM||||||||1
exit status 0xc000013a
PS C:\Users\User\Desktop\test> go run .\main.go --type client
-> 
∟BX|29|NM|10014^PLCR^99MRC||20.2|%|11.0-45.0|A|||F|F8|||||||||||||||||HM||||||||1
-> 
∟BX|29|NM|10014^PLCR^99MRC||24.9|%|11.0-45.0|A|||F|F9|||||||||||||||||HM||||||||1
exit status 0xc000013a
PS C:\Users\User\Desktop\test> go run .\main.go --type client
# command-line-arguments
.\main.go:1960:2: "bytes" imported and not used
PS C:\Users\User\Desktop\test> go run .\main.go --type client                                                                                                                                   
-> ☻
-> ☻
-> ☻
-> ☻
-> ☻
-> 
∟BX|29|NM|10014^PLCR^99MRC||20.2|%|11.0-45.0|A|||F|F8|||||||||||||||||HM||||||||1
-> 
∟BX|29|NM|10014^PLCR^99MRC||24.9|%|11.0-45.0|A|||F|F9|||||||||||||||||HM||||||||1
-> ☻
-> ☻
-> ☻
-> 
∟BX|29|NM|10014^PLCR^99MRC||20.2|%|11.0-45.0|A|||F|F8|||||||||||||||||HM||||||||1
-> 
∟BX|29|NM|10014^PLCR^99MRC||24.9|%|11.0-45.0|A|||F|F9|||||||||||||||||HM||||||||1
-> 
∟BX|29|NM|10014^PLCR^99MRC||22.0|%|11.0-45.0|N|||F|||F||||||||||||||||HM||||||||1
-> ☻
-> ☻
-> ☻
-> ☻
-> ☻
-> ☻
-> ☻
-> ☻
-> ☻
-> ☻
-> ☻
-> ☻
-> ☻
exit status 0xc000013a
PS C:\Users\User\Desktop\test> go run .\main.go --type client
-> ☻
-> ☻
-> 
OBX|18|NM|787-2^MCV^LN||84.4|fL|110-160|A|||F0|A|||F8|||||||||||||||||HM||||||||1
∟BX|29|NM|10014^PLCR^99MRC||20.2|%|11.0-45.0|A|||F|F
-> 
OBX|18|NM|787-2^MCV^LN||87.7|fL|810-160|A|||F0|A|||F9|||||||||||||||||HM||||||||1
∟BX|29|NM|10014^PLCR^99MRC||24.9|%|11.0-45.0|A|||F|F
-> 
OBX|18|NM|787-2^MCV^LN||91.4|/L|110-160|N|||F0|N|||F3|||||||||||||||||HM||||||||1
∟BX|29|NM|10014^PLCR^99MRC||22.0|%|11.0-45.0|N|||F|||F
-> ☻
-> ☻
-> ☻
-> ☻
-> ☻
-> ☻
-> ☻
-> ☻
-> ☻
-> ☻
-> ☻
-> ☻
-> ☻
-> ☻
-> ☻
-> ☻
-> ☻
-> ☻
-> ☻
-> ☻
-> ☻
-> ☻
exit status 0xc000013a
PS C:\Users\User\Desktop\test> go run .\main.go --type client
-> [11 77 83 72 124 94 126 92 38 124 124 124 124 124 50 48 50 52 48 54 50 53 49 48 50 52 53 55 124 124 79 82 85 94 82 48 49 124 51 56 124 80 124 50 46 51 46 49 124 124 124 124 124 124 85 78 73 67 79 68 69 13 80 73 68 124 49 124 124 94 94 94 94 77 82 13 80 86 49 124 49 13 79 66 82 124 49 124 124 52 124 48 48 48 48 49 94 65 117 116 111 109 97 116 101 100 32 67 111 117 110 116 94 57 57 77 82 67 124 124 124 50 48 50 52 48 53 50 57 49 51 51 51 50 56 124 124 124 124 124 124 124 124 124 124 124 124 124 124 124 124 124 72 77 124 124 124 124 124 124 124 124 49 13 79 66 88 124 49 124 73 83 124 48 56 48 48 49 94 84 97 107 101 32 77 111 100 101 94 57 57 77 82 67 124 124 79 124 124 124 124 124 124 70 13 79 66 88 124 50 124 73 83 124 48 56 48 48 50 94 66 108 111 111 100 32 77 111 100 101 94 57 57 77 82 67 124 124 87 124 124 124 124 124 124 70 13 79 66 88 124 51 124 73 83 124 48 56 48 48 51 94 84 101 115 116 32 77 111 100 101 94 57 57 77 82 67 124 124 67 66 67 43 68 73 70 70 124 124 124 124 124 124 70 13 79 66 88 124 52 124 73 83 124 48 49 48 48 50 94 82 101 102 32 71 114 111 117 112 94 57 57 77 82 67 124 124 208 158 208 177 209 137 208 176 209 143 124 124 124 124 124 124 70 13 79 66 88 124 53 124 78 77 124 54 54 57 48 45 50 94 87 66 67 94 76 78 124 124 54 46 50 55 124 49 48 42 57 47 76 124 52 46 48 48 45 49 48 46 48 48 124 65 124 124 124 70 13 79 66 88 124 54 124 78 77 124 55 48 52 45 55 94 66 65 83 35 94 76 78 124 124 48 46 48 50 124 49 48 42 57 47 76 124 48 46 48 48 45 48 46 49 48 124 65 124 124 124 70 13 79 66 88 124 55 124 78 77 124 55 48 54 45 50 94 66 65 83 37 94 76 78 124 124 48 46 51 124 37 124 48 46 48 45 49 46 48 124 65 124 124 124 70 13 79 66 88 124 56 124 78 77 124 55 53 49 45 56 94 78 69 85 35 94 76 78 124 124 51 46 57 52 124 49 48 42 57 47 76 124 50 46 48 48 45 55 46 48 48 124 65 124 124 124 70 13 79 66 88 124 57 124 78 77 124 55 55 48 45 56 94 78 69 85 37 94 76 78 124 124 54 50 46 56 124 37 124 53 48 46 48 45 55 48 46 48 124 65 124 124 124 70 13 79 66 88 124 49 48 124 78 77 124 55 49 49 45 50 94 69 79 83 35 94 76 78 124 124 48 46 51 57 124 49 48 42 57 47 76 124 48 46 48 50 45 48 46 53 48 124 65 124 124 124 70 13 79 66 88 124 49 49 124 78 77 124 55 49 51 45 56 94 69 79 83 37 94 76 78 124 124 54 46 49 124 37 124 48 46 53 45 53 46 48 124 72 126 65 124 124 124 70 13 79 66 88 124 49 50 124 78 77 124 55 51 49 45 48 94 76 89 77 35 94 76 78 124 124 49 46 54 49 124 49 48 42 57 47 76 124 48 46 56 48 45 52 46 48 48 124 65 124 124 124 70 13 79 66 88 124 49 51 124 78 77 124 55 51 54 45 57 94 76 89 77 37 94 76 78 124 124 50 53 46 55 124 37 124 50 48 46 48 45 52 48 46 48 124 65 124 124 124 70 13 79 66 88 124 49 52 124 78 77 124 55 52 50 45 55 94 77 79 78 35 94 76 78 124 124 48 46 51 49 124 49 48 42 57 47 76 124 48 46 49 50 45 49 46 50 48 124 65 124 124 124 70 13 79 66 88 124 49 53 124 78 77 124 53 57 48 53 45 53 94 77 79 78 37 94 76 78 124 124 53 46 49 124 37 124 51 46 48 45 49 50 46 48 124 65 124 124 124 70 13 79 66 88 124 49 54 124 78 77 124 55 56 57 45 56 94 82 66 67 94 76 78 124 124 52 46 51 53 124 49 48 42 49 50 47 76 124 51 46 53 48 45 53 46 53 48 124 65 124 124 124 70 13 79 66 88 124 49 55 124 78 77 124 55 49 56 45 55 94 72 71 66 94 76 78 124 124 49 50 53 124 103 47 76 124 49 49 48 45 49 54 48 124 65 124 124 124 70 13 79 66 88 124 49 56 124 78 77 124 55 56 55 45 50 94 77 67 86 94 76 78 124 124 56 52 46 52 124 102 76]
-> 
OBX|18|NM|787-2^MCV^LN||84.4|fL|110-160|A|||F0|A|||F8|||||||||||||||||HM||||||||1
-> [124 56 48 46 48 45 49 48 48 46 48 124 65 124 124 124 70 13 79 66 88 124 49 57 124 78 77 124 55 56 53 45 54 94 77 67 72 94 76 78 124 124 50 56 46 54 124 112 103 124 50 55 46 48 45 51 52 46 48 124 65 124 124 124 70 13 79 66 88 124 50 48 124 78 77 124 55 56 54 45 52 94 77 67 72 67 94 76 78 124 124 51 51 57 124 103 47 76 124 51 50 48 45 51 54 48 124 65 124 124 124 70 13 79 66 88 124 50 49 124 78 77 124 55 56 56 45 48 94 82 68 87 45 67 86 94 76 78 124 124 49 50 46 53 124 37 124 49 49 46 48 45 49 54 46 48 124 65 124 124 124 70 13 79 66 88 124 50 50 124 78 77 124 50 49 48 48 48 45 53 94 82 68 87 45 83 68 94 76 78 124 124 52 49 46 55 124 102 76 124 51 53 46 48 45 53 54 46 48 124 65 124 124 124 70 13 79 66 88 124 50 51 124 78 77 124 52 53 52 52 45 51 94 72 67 84 94 76 78 124 124 51 54 46 56 124 37 124 51 55 46 48 45 53 52 46 48 124 76 126 65 124 124 124 70 13 79 66 88 124 50 52 124 78 77 124 55 55 55 45 51 94 80 76 84 94 76 78 124 124 50 53 57 124 49 48 42 57 47 76 124 49 48 48 45 51 48 48 124 65 124 124 124 70 13 79 66 88 124 50 53 124 78 77 124 51 50 54 50 51 45 49 94 77 80 86 94 76 78 124 124 57 46 48 124 102 76 124 55 46 48 45 49 49 46 48 124 65 124 124 124 70 13 79 66 88 124 50 54 124 78 77 124 51 50 50 48 55 45 51 94 80 68 87 94 76 78 124 124 49 53 46 57 124 124 57 46 48 45 49 55 46 48 124 65 124 124 124 70 13 79 66 88 124 50 55 124 78 77 124 49 48 48 48 50 94 80 67 84 94 57 57 77 82 67 124 124 48 46 50 51 52 124 37 124 48 46 49 48 56 45 48 46 50 56 50 124 65 124 124 124 70 13 79 66 88 124 50 56 124 78 77 124 49 48 48 49 51 94 80 76 67 67 94 57 57 77 82 67 124 124 53 50 124 49 48 42 57 47 76 124 51 48 45 57 48 124 65 124 124 124 70 13 79 66 88 124 50 57 124 78 77 124 49 48 48 49 52 94 80 76 67 82 94 57 57 77 82 67 124 124 50 48 46 50 124 37 124 49 49 46 48 45 52 53 46 48 124 65 124 124 124 70 13 28 13]
∟BX|29|NM|10014^PLCR^99MRC||20.2|%|11.0-45.0|A|||F|F
-> [11 77 83 72 124 94 126 92 38 124 124 124 124 124 50 48 50 52 48 54 50 53 49 48 50 52 53 55 124 124 79 82 85 94 82 48 49 124 51 57 124 80 124 50 46 51 46 49 124 124 124 124 124 124 85 78 73 67 79 68 69 13 80 73 68 124 49 124 124 94 94 94 94 77 82 13 80 86 49 124 49 13 79 66 82 124 49 124 124 53 124 48 48 48 48 49 94 65 117 116 111 109 97 116 101 100 32 67 111 117 110 116 94 57 57 77 82 67 124 124 124 50 48 50 52 48 53 50 57 49 51 52 51 49 57 124 124 124 124 124 124 124 124 124 124 124 124 124 124 124 124 124 72 77 124 124 124 124 124 124 124 124 49 13 79 66 88 124 49 124 73 83 124 48 56 48 48 49 94 84 97 107 101 32 77 111 100 101 94 57 57 77 82 67 124 124 79 124 124 124 124 124 124 70 13 79 66 88 124 50 124 73 83 124 48 56 48 48 50 94 66 108 111 111 100 32 77 111 100 101 94 57 57 77 82 67 124 124 87 124 124 124 124 124 124 70 13 79 66 88 124 51 124 73 83 124 48 56 48 48 51 94 84 101 115 116 32 77 111 100 101 94 57 57 77 82 67 124 124 67 66 67 43 68 73 70 70 124 124 124 124 124 124 70 13 79 66 88 124 52 124 73 83 124 48 49 48 48 50 94 82 101 102 32 71 114 111 117 112 94 57 57 77 82 67 124 124 208 158 208 177 209 137 208 176 209 143 124 124 124 124 124 124 70 13 79 66 88 124 53 124 78 77 124 54 54 57 48 45 50 94 87 66 67 94 76 78 124 124 54 46 50 53 124 49 48 42 57 47 76 124 52 46 48 48 45 49 48 46 48 48 124 65 124 124 124 70 13 79 66 88 124 54 124 78 77 124 55 48 52 45 55 94 66 65 83 35 94 76 78 124 124 48 46 48 50 124 49 48 42 57 47 76 124 48 46 48 48 45 48 46 49 48 124 65 124 124 124 70 13 79 66 88 124 55 124 78 77 124 55 48 54 45 50 94 66 65 83 37 94 76 78 124 124 48 46 51 124 37 124 48 46 48 45 49 46 48 124 65 124 124 124 70 13 79 66 88 124 56 124 78 77 124 55 53 49 45 56 94 78 69 85 35 94 76 78 124 124 51 46 54 54 124 49 48 42 57 47 76 124 50 46 48 48 45 55 46 48 48 124 65 124 124 124 70 13 79 66 88 124 57 124 78 77 124 55 55 48 45 56 94 78 69 85 37 94 76 78 124 124 53 56 46 54 124 37 124 53 48 46 48 45 55 48 46 48 124 65 124 124 124 70 13 79 66 88 124 49 48 124 78 77 124 55 49 49 45 50 94 69 79 83 35 94 76 78 124 124 48 46 48 54 124 49 48 42 57 47 76 124 48 46 48 50 45 48 46 53 48 124 65 124 124 124 70 13 79 66 88 124 49 49 124 78 77 124 55 49 51 45 56 94 69 79 83 37 94 76 78 124 124 49 46 48 124 37 124 48 46 53 45 53 46 48 124 65 124 124 124 70 13 79 66 88 124 49 50 124 78 77 124 55 51 49 45 48 94 76 89 77 35 94 76 78 124 124 50 46 49 50 124 49 48 42 57 47 76 124 48 46 56 48 45 52 46 48 48 124 65 124 124 124 70 13 79 66 88 124 49 51 124 78 77 124 55 51 54 45 57 94 76 89 77 37 94 76 78 124 124 51 51 46 57 124 37 124 50 48 46 48 45 52 48 46 48 124 65 124 124 124 70 13 79 66 88 124 49 52 124 78 77 124 55 52 50 45 55 94 77 79 78 35 94 76 78 124 124 48 46 51 57 124 49 48 42 57 47 76 124 48 46 49 50 45 49 46 50 48 124 65 124 124 124 70 13 79 66 88 124 49 53 124 78 77 124 53 57 48 53 45 53 94 77 79 78 37 94 76 78 124 124 54 46 50 124 37 124 51 46 48 45 49 50 46 48 124 65 124 124 124 70 13 79 66 88 124 49 54 124 78 77 124 55 56 57 45 56 94 82 66 67 94 76 78 124 124 53 46 48 49 124 49 48 42 49 50 47 76 124 51 46 53 48 45 53 46 53 48 124 65 124 124 124 70 13 79 66 88 124 49 55 124 78 77 124 55 49 56 45 55 94 72 71 66 94 76 78 124 124 49 52 54 124 103 47 76 124 49 49 48 45 49 54 48 124 65 124 124 124 70 13 79 66 88 124 49 56 124 78 77 124 55 56 55 45 50 94 77 67 86 94 76 78 124 124 56 55 46 55 124 102 76 124 56]
->
OBX|18|NM|787-2^MCV^LN||87.7|fL|810-160|A|||F0|A|||F9|||||||||||||||||HM||||||||1
-> [48 46 48 45 49 48 48 46 48 124 65 124 124 124 70 13 79 66 88 124 49 57 124 78 77 124 55 56 53 45 54 94 77 67 72 94 76 78 124 124 50 57 46 49 124 112 103 124 50 55 46 48 45 51 52 46 48 124 65 124 124 124 70 13 79 66 88 124 50 48 124 78 77 124 55 56 54 45 52 94 77 67 72 67 94 76 78 124 124 51 51 50 124 103 47 76 124 51 50 48 45 51 54 48 124 65 124 124 124 70 13 79 66 88 124 50 49 124 78 77 124 55 56 56 45 48 94 82 68 87 45 67 86 94 76 78 124 124 49 50 46 55 124 37 124 49 49 46 48 45 49 54 46 48 124 65 124 124 124 70 13 79 66 88 124 50 50 124 78 77 124 50 49 48 48 48 45 53 94 82 68 87 45 83 68 94 76 78 124 124 52 51 46 57 124 102 76 124 51 53 46 48 45 53 54 46 48 124 65 124 124 124 70 13 79 66 88 124 50 51 124 78 77 124 52 53 52 52 45 51 94 72 67 84 94 76 78 124 124 52 51 46 57 124 37 124 51 55 46 48 45 53 52 46 48 124 65 124 124 124 70 13 79 66 88 124 50 52 124 78 77 124 55 55 55 45 51 94 80 76 84 94 76 78 124 124 50 53 57 124 49 48 42 57 47 76 124 49 48 48 45 51 48 48 124 65 124 124 124 70 13 79 66 88 124 50 53 124 78 77 124 51 50 54 50 51 45 49 94 77 80 86 94 76 78 124 124 57 46 55 124 102 76 124 55 46 48 45 49 49 46 48 124 65 124 124 124 70 13 79 66 88 124 50 54 124 78 77 124 51 50 50 48 55 45 51 94 80 68 87 94 76 78 124 124 49 54 46 50 124 124 57 46 48 45 49 55 46 48 124 65 124 124 124 70 13 79 66 88 124 50 55 124 78 77 124 49 48 48 48 50 94 80 67 84 94 57 57 77 82 67 124 124 48 46 50 53 49 124 37 124 48 46 49 48 56 45 48 46 50 56 50 124 65 124 124 124 70 13 79 66 88 124 50 56 124 78 77 124 49 48 48 49 51 94 80 76 67 67 94 57 57 77 82 67 124 124 54 52 124 49 48 42 57 47 76 124 51 48 45 57 48 124 65 124 124 124 70 13 79 66 88 124 50 57 124 78 77 124 49 48 48 49 52 94 80 76 67 82 94 57 57 77 82 67 124 124 50 52 46 57 124 37 124 49 49 46 48 45 52 53 46 48 124 65 124 124 124 70 13 28 13]
∟BX|29|NM|10014^PLCR^99MRC||24.9|%|11.0-45.0|A|||F|F
-> [11 77 83 72 124 94 126 92 38 124 124 124 124 124 50 48 50 52 48 54 50 53 49 48 50 52 53 56 124 124 79 82 85 94 82 48 49 124 52 48 124 80 124 50 46 51 46 49 124 124 124 124 124 124 85 78 73 67 79 68 69 13 80 73 68 124 49 124 124 94 94 94 94 77 82 13 80 86 49 124 49 13 79 66 82 124 49 124 124 49 124 48 48 48 48 49 94 65 117 116 111 109 97 116 101 100 32 67 111 117 110 116 94 57 57 77 82 67 124 124 124 50 48 50 52 48 54 49 57 49 50 48 56 53 51 124 124 124 124 124 124 124 124 124 124 124 124 124 124 124 124 124 72 77 124 124 124 124 124 124 124 124 49 13 79 66 88 124 49 124 73 83 124 48 56 48 48 49 94 84 97 107 101 32 77 111 100 101 94 57 57 77 82 67 124 124 79 124 124 124 124 124 124 70 13 79 66 88 124 50 124 73 83 124 48 56 48 48 50 94 66 108 111 111 100 32 77 111 100 101 94 57 57 77 82 67 124 124 87 124 124 124 124 124 124 70 13 79 66 88 124 51 124 73 83 124 48 56 48 48 51 94 84 101 115 116 32 77 111 100 101 94 57 57 77 82 67 124 124 67 66 67 43 68 73 70 70 124 124 124 124 124 124 70 13 79 66 88 124 52 124 73 83 124 48 49 48 48 50 94 82 101 102 32 71 114 111 117 112 94 57 57 77 82 67 124 124 208 158 208 177 209 137 208 176 209 143 124 124 124 124 124 124 70 13 79 66 88 124 53 124 78 77 124 54 54 57 48 45 50 94 87 66 67 94 76 78 124 124 54 46 49 56 124 49 48 42 57 47 76 124 52 46 48 48 45 49 48 46 48 48 124 78 124 124 124 70 13 79 66 88 124 54 124 78 77 124 55 48 52 45 55 94 66 65 83 35 94 76 78 124 124 48 46 48 50 124 49 48 42 57 47 76 124 48 46 48 48 45 48 46 49 48 124 78 124 124 124 70 13 79 66 88 124 55 124 78 77 124 55 48 54 45 50 94 66 65 83 37 94 76 78 124 124 48 46 52 124 37 124 48 46 48 45 49 46 48 124 78 124 124 124 70 13 79 66 88 124 56 124 78 77 124 55 53 49 45 56 94 78 69 85 35 94 76 78 124 124 50 46 55 57 124 49 48 42 57 47 76 124 50 46 48 48 45 55 46 48 48 124 78 124 124 124 70 13 79 66 88 124 57 124 78 77 124 55 55 48 45 56 94 78 69 85 37 94 76 78 124 124 52 53 46 50 124 37 124 53 48 46 48 45 55 48 46 48 124 76 126 78 124 124 124 70 13 79 66 88 124 49 48 124 78 77 124 55 49 49 45 50 94 69 79 83 35 94 76 78 124 124 48 46 48 54 124 49 48 42 57 47 76 124 48 46 48 50 45 48 46 53 48 124 78 124 124 124 70 13 79 66 88 124 49 49 124 78 77 124 55 49 51 45 56 94 69 79 83 37 94 76 78 124 124 49 46 48 124 37 124 48 46 53 45 53 46 48 124 78 124 124 124 70 13 79 66 88 124 49 50 124 78 77 124 55 51 49 45 48 94 76 89 77 35 94 76 78 124 124 50 46 57 53 124 49 48 42 57 47 76 124 48 46 56 48 45 52 46 48 48 124 78 124 124 124 70 13 79 66 88 124 49 51 124 78 77 124 55 51 54 45 57 94 76 89 77 37 94 76 78 124 124 52 55 46 55 124 37 124 50 48 46 48 45 52 48 46 48 124 72 126 78 124 124 124 70 13 79 66 88 124 49 52 124 78 77 124 55 52 50 45 55 94 77 79 78 35 94 76 78 124 124 48 46 51 54 124 49 48 42 57 47 76 124 48 46 49 50 45 49 46 50 48 124 78 124 124 124 70 13 79 66 88 124 49 53 124 78 77 124 53 57 48 53 45 53 94 77 79 78 37 94 76 78 124 124 53 46 55 124 37 124 51 46 48 45 49 50 46 48 124 78 124 124 124 70 13 79 66 88 124 49 54 124 78 77 124 55 56 57 45 56 94 82 66 67 94 76 78 124 124 52 46 51 55 124 49 48 42 49 50 47 76 124 51 46 53 48 45 53 46 53 48 124 78 124 124 124 70 13 79 66 88 124 49 55 124 78 77 124 55 49 56 45 55 94 72 71 66 94 76 78 124 124 49 50 56 124 103 47 76 124 49 49 48 45 49 54 48 124 78 124 124 124 70 13 79 66 88 124 49 56 124 78 77 124 55 56 55 45 50 94 77 67 86 94 76 78 124 124 57 49 46 52 124]
-> 
OBX|18|NM|787-2^MCV^LN||91.4|/L|110-160|N|||F0|N|||F3|||||||||||||||||HM||||||||1
-> [102 76 124 56 48 46 48 45 49 48 48 46 48 124 78 124 124 124 70 13 79 66 88 124 49 57 124 78 77 124 55 56 53 45 54 94 77 67 72 94 76 78 124 124 50 57 46 51 124 112 103 124 50 55 46 48 45 51 52 46 48 124 78 124 124 124 70 13 79 66 88 124 50 48 124 78 77 124 55 56 54 45 52 94 77 67 72 67 94 76 78 124 124 51 50 48 124 103 47 76 124 51 50 48 45 51 54 48 124 78 124 124 124 70 13 79 66 88 124 50 49 124 78 77 124 55 56 56 45 48 94 82 68 87 45 67 86 94 76 78 124 124 49 51 46 48 124 37 124 49 49 46 48 45 49 54 46 48 124 78 124 124 124 70 13 79 66 88 124 50 50 124 78 77 124 50 49 48 48 48 45 53 94 82 68 87 45 83 68 94 76 78 124 124 52 54 46 48 124 102 76 124 51 53 46 48 45 53 54 46 48 124 78 124 124 124 70 13 79 66 88 124 50 51 124 78 77 124 52 53 52 52 45 51 94 72 67 84 94 76 78 124 124 51 57 46 57 124 37 124 51 55 46 48 45 53 52 46 48 124 78 124 124 124 70 13 79 66 88 124 50 52 124 78 77 124 55 55 55 45 51 94 80 76 84 94 76 78 124 124 51 49 57 124 49 48 42 57 47 76 124 49 48 48 45 51 48 48 124 72 126 78 124 124 124 70 13 79 66 88 124 50 53 124 78 77 124 51 50 54 50 51 45 49 94 77 80 86 94 76 78 124 124 57 46 52 124 102 76 124 55 46 48 45 49 49 46 48 124 78 124 124 124 70 13 79 66 88 124 50 54 124 78 77 124 51 50 50 48 55 45 51 94 80 68 87 94 76 78 124 124 49 54 46 49 124 124 57 46 48 45 49 55 46 48 124 78 124 124 124 70 13 79 66 88 124 50 55 124 78 77 124 49 48 48 48 50 94 80 67 84 94 57 57 77 82 67 124 124 48 46 51 48 48 124 37 124 48 46 49 48 56 45 48 46 50 56 50 124 72 126 78 124 124 124 70 13 79 66 88 124 50 56 124 78 77 124 49 48 48 49 51 94 80 76 67 67 94 57 57 77 82 67 124 124 55 48 124 49 48 42 57 47 76 124 51 48 45 57 48 124 78 124 124 124 70 13 79 66 88 124 50 57 124 78 77 124 49 48 48 49 52 94 80 76 67 82 94 57 57 77 82 67 124 124 50 50 46 48 124 37 124 49 49 46 48 45 52 53 46 48 124 78 124 124 124 70 13 28 13]
∟BX|29|NM|10014^PLCR^99MRC||22.0|%|11.0-45.0|N|||F|||F
exit status 0xc000013a
PS C:\Users\User\Desktop\test> go run .\main.go --type client
-> 
OBX|18|NM|787-2^MCV^LN||84.4|fL|110-160|A|||F0|A|||F8|||||||||||||||||HM||||||||1
∟BX|29|NM|10014^PLCR^99MRC||20.2|%|11.0-45.0|A|||F|F
-> 
OBX|18|NM|787-2^MCV^LN||87.7|fL|810-160|A|||F0|A|||F9|||||||||||||||||HM||||||||1
∟BX|29|NM|10014^PLCR^99MRC||24.9|%|11.0-45.0|A|||F|F
-> 
OBX|18|NM|787-2^MCV^LN||91.4|/L|110-160|N|||F0|N|||F3|||||||||||||||||HM||||||||1
∟BX|29|NM|10014^PLCR^99MRC||22.0|%|11.0-45.0|N|||F|||F